android/app/build/intermediates/proguard-rules/release/aapt_rules.txt
# Referenced at processReleaseManifest/merged/AndroidManifest.xml:107
-keep class android.support.v4.content.FileProvider { <init>(...); }
# Referenced at processReleaseManifest/merged/AndroidManifest.xml:71
-keep class com.awlam.MainActivity { <init>(...); }
# Referenced at processReleaseManifest/merged/AndroidManifest.xml:59
-keep class com.awlam.MainApplication { <init>(...); }
# Referenced at processReleaseManifest/merged/AndroidManifest.xml:92
-keep class com.facebook.react.devsupport.DevSettingsActivity { <init>(...); }
# Referenced at processReleaseManifest/merged/AndroidManifest.xml:94
-keep class com.geektime.rnonesignalandroid.NotificationNotDisplayingExtender { <init>(...); }
# Referenced at processReleaseManifest/merged/AndroidManifest.xml:177
-keep class com.google.android.gms.common.api.GoogleApiActivity { <init>(...); }
# Referenced at processReleaseManifest/merged/AndroidManifest.xml:200
-keep class com.google.firebase.iid.FirebaseInstanceIdReceiver { <init>(...); }
# Referenced at processReleaseManifest/merged/AndroidManifest.xml:214
-keep class com.google.firebase.iid.FirebaseInstanceIdService { <init>(...); }
# Referenced at processReleaseManifest/merged/AndroidManifest.xml:192
-keep class com.google.firebase.messaging.FirebaseMessagingService { <init>(...); }
# Referenced at processReleaseManifest/merged/AndroidManifest.xml:222
-keep class com.google.firebase.provider.FirebaseInitProvider { <init>(...); }
# Referenced at processReleaseManifest/merged/AndroidManifest.xml:103
-keep class com.merryjs.PhotoViewer.PhotoViewer.MerryPhotoViewActivity { <init>(...); }
# Referenced at processReleaseManifest/merged/AndroidManifest.xml:164
-keep class com.onesignal.BootUpReceiver { <init>(...); }
# Referenced at processReleaseManifest/merged/AndroidManifest.xml:128
-keep class com.onesignal.GcmBroadcastReceiver { <init>(...); }
# Referenced at processReleaseManifest/merged/AndroidManifest.xml:142
-keep class com.onesignal.GcmIntentJobService { <init>(...); }
# Referenced at processReleaseManifest/merged/AndroidManifest.xml:141
-keep class com.onesignal.GcmIntentService { <init>(...); }
# Referenced at processReleaseManifest/merged/AndroidManifest.xml:139
-keep class com.onesignal.NotificationOpenedReceiver { <init>(...); }
# Referenced at processReleaseManifest/merged/AndroidManifest.xml:162
-keep class com.onesignal.NotificationRestoreService { <init>(...); }
# Referenced at processReleaseManifest/merged/AndroidManifest.xml:158
-keep class com.onesignal.PermissionsActivity { <init>(...); }
# Referenced at processReleaseManifest/merged/AndroidManifest.xml:145
-keep class com.onesignal.RestoreJobService { <init>(...); }
# Referenced at processReleaseManifest/merged/AndroidManifest.xml:148
-keep class com.onesignal.RestoreKickoffJobService { <init>(...); }
# Referenced at processReleaseManifest/merged/AndroidManifest.xml:154
-keep class com.onesignal.SyncJobService { <init>(...); }
# Referenced at processReleaseManifest/merged/AndroidManifest.xml:151
-keep class com.onesignal.SyncService { <init>(...); }
# Referenced at processReleaseManifest/merged/AndroidManifest.xml:171
-keep class com.onesignal.UpgradeReceiver { <init>(...); }
# Referenced at processReleaseManifest/merged/AndroidManifest.xml:117
-keep class com.yalantis.ucrop.UCropActivity { <init>(...); }
# Referenced at res/layout/abc_alert_dialog_material.xml:41
-keep class android.support.v4.widget.NestedScrollView { <init>(...); }

# Referenced at res/layout/abc_select_dialog_material.xml:23
-keep class android.support.v7.app.AlertController$RecycleListView { <init>(...); }

# Referenced at res/layout/abc_action_menu_item_layout.xml:17
-keep class android.support.v7.view.menu.ActionMenuItemView { <init>(...); }

# Referenced at res/layout/abc_expanded_menu_layout.xml:17
-keep class android.support.v7.view.menu.ExpandedMenuView { <init>(...); }

# Referenced at res/layout/abc_popup_menu_item_layout.xml:17
# Referenced at res/layout/abc_list_menu_item_layout.xml:17
-keep class android.support.v7.view.menu.ListMenuItemView { <init>(...); }

# Referenced at res/layout/abc_screen_toolbar.xml:27
-keep class android.support.v7.widget.ActionBarContainer { <init>(...); }

# Referenced at res/layout/abc_screen_toolbar.xml:43
# Referenced at res/layout/abc_action_mode_bar.xml:19
-keep class android.support.v7.widget.ActionBarContextView { <init>(...); }

# Referenced at res/layout/abc_screen_toolbar.xml:17
-keep class android.support.v7.widget.ActionBarOverlayLayout { <init>(...); }

# Referenced at res/layout/abc_action_menu_layout.xml:17
-keep class android.support.v7.widget.ActionMenuView { <init>(...); }

# Referenced at res/layout/abc_activity_chooser_view.xml:19
-keep class android.support.v7.widget.ActivityChooserView$InnerLayout { <init>(...); }

# Referenced at res/layout/abc_alert_dialog_material.xml:18
-keep class android.support.v7.widget.AlertDialogLayout { <init>(...); }

# Referenced at res/layout/abc_alert_dialog_button_bar_material.xml:26
-keep class android.support.v7.widget.ButtonBarLayout { <init>(...); }

# Referenced at res/layout/abc_screen_content_include.xml:19
-keep class android.support.v7.widget.ContentFrameLayout { <init>(...); }

# Referenced at res/layout/abc_alert_dialog_title_material.xml:45
-keep class android.support.v7.widget.DialogTitle { <init>(...); }

# Referenced at res/layout/abc_screen_simple_overlay_action_mode.xml:23
-keep class android.support.v7.widget.FitWindowsFrameLayout { <init>(...); }

# Referenced at res/layout/abc_screen_simple.xml:17
# Referenced at res/layout/abc_dialog_title_material.xml:22
-keep class android.support.v7.widget.FitWindowsLinearLayout { <init>(...); }

# Referenced at res/layout/abc_search_view.xml:75
-keep class android.support.v7.widget.SearchView$SearchAutoComplete { <init>(...); }

# Referenced at res/layout/ucrop_activity_photobox.xml:8
# Referenced at res/layout/abc_screen_toolbar.xml:36
-keep class android.support.v7.widget.Toolbar { <init>(...); }

# Referenced at res/layout/abc_screen_simple_overlay_action_mode.xml:32
# Referenced at res/layout/abc_screen_simple.xml:25
-keep class android.support.v7.widget.ViewStubCompat { <init>(...); }

# Referenced at res/layout/abc_alert_dialog_title_material.xml:56
# Referenced at res/layout/abc_alert_dialog_material.xml:52
# Referenced at res/layout/abc_alert_dialog_button_bar_material.xml:43
-keep class android.widget.Space { <init>(...); }

# Referenced at res/layout/exo_simple_player_view.xml:18
-keep class com.google.android.exoplayer2.ui.AspectRatioFrameLayout { <init>(...); }

# Referenced at res/layout/exo_playback_control_view.xml:74
-keep class com.google.android.exoplayer2.ui.DefaultTimeBar { <init>(...); }

# Referenced at res/layout/exo_simple_player_view.xml:35
-keep class com.google.android.exoplayer2.ui.SubtitleView { <init>(...); }

# Referenced at res/layout/amu_text_bubble.xml:7
-keep class com.google.maps.android.ui.RotationLayout { <init>(...); }

# Referenced at release/layout/image_viewer.xml:32
-keep class com.stfalcon.frescoimageviewer.MultiTouchViewPager { <init>(...); }

# Referenced at res/layout/ucrop_view.xml:8
-keep class com.yalantis.ucrop.view.GestureCropImageView { <init>(...); }

# Referenced at res/layout/ucrop_view.xml:14
-keep class com.yalantis.ucrop.view.OverlayView { <init>(...); }

# Referenced at res/layout/ucrop_fragment_photobox.xml:24
# Referenced at res/layout/ucrop_activity_photobox.xml:43
-keep class com.yalantis.ucrop.view.UCropView { <init>(...); }

# Referenced at res/layout/ucrop_aspect_ratio.xml:4
-keep class com.yalantis.ucrop.view.widget.AspectRatioTextView { <init>(...); }

# Referenced at res/layout/ucrop_layout_scale_wheel.xml:14
# Referenced at res/layout/ucrop_layout_rotate_wheel.xml:15
-keep class com.yalantis.ucrop.view.widget.HorizontalProgressWheelView { <init>(...); }