android/app/build/outputs/mapping/release/seeds.txt
com.awlam.MainActivity
com.awlam.MainActivity: MainActivity()
com.awlam.MainApplication
com.awlam.MainApplication: MainApplication()
com.awlam.R$anim: int abc_fade_in
com.awlam.R$anim: int abc_fade_out
com.awlam.R$anim: int abc_grow_fade_in_from_bottom
com.awlam.R$anim: int abc_popup_enter
com.awlam.R$anim: int abc_popup_exit
com.awlam.R$anim: int abc_shrink_fade_out_from_bottom
com.awlam.R$anim: int abc_slide_in_bottom
com.awlam.R$anim: int abc_slide_in_top
com.awlam.R$anim: int abc_slide_out_bottom
com.awlam.R$anim: int abc_slide_out_top
com.awlam.R$anim: int abc_tooltip_enter
com.awlam.R$anim: int abc_tooltip_exit
com.awlam.R$anim: int catalyst_fade_in
com.awlam.R$anim: int catalyst_fade_out
com.awlam.R$anim: int catalyst_push_up_in
com.awlam.R$anim: int catalyst_push_up_out
com.awlam.R$anim: int catalyst_slide_down
com.awlam.R$anim: int catalyst_slide_up
com.awlam.R$anim: int ucrop_loader_circle_path
com.awlam.R$anim: int ucrop_loader_circle_scale
com.awlam.R$attr: int actionBarDivider
com.awlam.R$attr: int actionBarItemBackground
com.awlam.R$attr: int actionBarPopupTheme
com.awlam.R$attr: int actionBarSize
com.awlam.R$attr: int actionBarSplitStyle
com.awlam.R$attr: int actionBarStyle
com.awlam.R$attr: int actionBarTabBarStyle
com.awlam.R$attr: int actionBarTabStyle
com.awlam.R$attr: int actionBarTabTextStyle
com.awlam.R$attr: int actionBarTheme
com.awlam.R$attr: int actionBarWidgetTheme
com.awlam.R$attr: int actionButtonStyle
com.awlam.R$attr: int actionDropDownStyle
com.awlam.R$attr: int actionLayout
com.awlam.R$attr: int actionMenuTextAppearance
com.awlam.R$attr: int actionMenuTextColor
com.awlam.R$attr: int actionModeBackground
com.awlam.R$attr: int actionModeCloseButtonStyle
com.awlam.R$attr: int actionModeCloseDrawable
com.awlam.R$attr: int actionModeCopyDrawable
com.awlam.R$attr: int actionModeCutDrawable
com.awlam.R$attr: int actionModeFindDrawable
com.awlam.R$attr: int actionModePasteDrawable
com.awlam.R$attr: int actionModePopupWindowStyle
com.awlam.R$attr: int actionModeSelectAllDrawable
com.awlam.R$attr: int actionModeShareDrawable
com.awlam.R$attr: int actionModeSplitBackground
com.awlam.R$attr: int actionModeStyle
com.awlam.R$attr: int actionModeWebSearchDrawable
com.awlam.R$attr: int actionOverflowButtonStyle
com.awlam.R$attr: int actionOverflowMenuStyle
com.awlam.R$attr: int actionProviderClass
com.awlam.R$attr: int actionViewClass
com.awlam.R$attr: int activityChooserViewStyle
com.awlam.R$bool: int abc_action_bar_embed_tabs
com.awlam.R$bool: int abc_allow_stacked_button_bar
com.awlam.R$bool: int abc_config_actionMenuItemAllCaps
com.awlam.R$bool: int abc_config_showMenuShortcutsWhenKeyboardPresent
...
android.support.v4.app.BaseFragmentActivityApi16: BaseFragmentActivityApi16()
android.support.v4.app.Fragment$SavedState: android.os.Parcelable$Creator CREATOR
android.support.v4.app.FragmentActivity: FragmentActivity()
android.support.v4.app.FragmentManagerState: android.os.Parcelable$Creator CREATOR
android.support.v4.app.FragmentState: android.os.Parcelable$Creator CREATOR
android.support.v4.app.FragmentTabHost: void setOnTabChangedListener(android.widget.TabHost$OnTabChangeListener)
android.support.v4.app.FragmentTabHost$SavedState: android.os.Parcelable$Creator CREATOR
android.support.v4.app.LoaderManagerImpl$LoaderViewModel
android.support.v4.app.LoaderManagerImpl$LoaderViewModel: LoaderManagerImpl$LoaderViewModel()
android.support.v4.app.SupportActivity: SupportActivity()
android.support.v4.content.FileProvider
android.support.v4.content.FileProvider: FileProvider()
android.support.v4.content.ModernAsyncTask$Status: android.support.v4.content.ModernAsyncTask$Status[] values()
android.support.v4.content.ModernAsyncTask$Status: android.support.v4.content.ModernAsyncTask$Status valueOf(java.lang.String)
android.support.v4.content.WakefulBroadcastReceiver: WakefulBroadcastReceiver()
android.support.v4.media.MediaBrowserCompat$CustomActionResultReceiver
android.support.v4.media.MediaBrowserCompat$ItemReceiver
android.support.v4.media.MediaBrowserCompat$MediaItem
android.support.v4.media.MediaBrowserCompat$MediaItem: android.os.Parcelable$Creator CREATOR
android.support.v4.media.MediaBrowserCompat$SearchResultReceiver
android.support.v4.media.MediaDescriptionCompat
android.support.v4.media.MediaDescriptionCompat: android.os.Parcelable$Creator CREATOR
android.support.v4.media.MediaMetadataCompat
android.support.v4.media.MediaMetadataCompat: android.os.Parcelable$Creator CREATOR
android.support.v4.media.RatingCompat
android.support.v4.media.RatingCompat: android.os.Parcelable$Creator CREATOR
android.support.v4.media.session.MediaControllerCompat$MediaControllerImplApi21$ExtraBinderRequestResultReceiver
android.support.v4.media.session.MediaSessionCompat$QueueItem
android.support.v4.media.session.MediaSessionCompat$QueueItem: android.os.Parcelable$Creator CREATOR
android.support.v4.media.session.MediaSessionCompat$ResultReceiverWrapper
android.support.v4.media.session.MediaSessionCompat$ResultReceiverWrapper: android.os.Parcelable$Creator CREATOR
android.support.v4.media.session.MediaSessionCompat$Token
android.support.v4.media.session.MediaSessionCompat$Token: android.os.Parcelable$Creator CREATOR
android.support.v4.media.session.ParcelableVolumeInfo
android.support.v4.media.session.ParcelableVolumeInfo: android.os.Parcelable$Creator CREATOR
android.support.v4.media.session.PlaybackStateCompat
android.support.v4.media.session.PlaybackStateCompat: android.os.Parcelable$Creator CREATOR
android.support.v4.media.session.PlaybackStateCompat$CustomAction
android.support.v4.media.session.PlaybackStateCompat$CustomAction: android.os.Parcelable$Creator CREATOR
android.support.v4.os.ResultReceiver: android.os.Parcelable$Creator CREATOR
android.support.v4.util.Pools$SimplePool
android.support.v4.view.AbsSavedState: android.os.Parcelable$Creator CREATOR
android.support.v4.view.PagerTabStrip: void setTabIndicatorColor(int)
android.support.v4.view.PagerTabStrip: void setTabIndicatorColorResource(int)
android.support.v4.view.PagerTabStrip: int getTabIndicatorColor()
android.support.v4.view.PagerTabStrip: void setTextSpacing(int)
android.support.v4.view.PagerTabStrip: void setBackgroundDrawable(android.graphics.drawable.Drawable)
android.support.v4.view.PagerTabStrip: void setBackgroundColor(int)
android.support.v4.view.PagerTabStrip: void setBackgroundResource(int)
android.support.v4.view.PagerTabStrip: void setDrawFullUnderline(boolean)
android.support.v4.view.PagerTabStrip: boolean getDrawFullUnderline()
android.support.v4.view.PagerTabStrip: int getMinHeight()