android/app/build/outputs/mapping/release/mapping.txt
com.awlam.MainActivity -> com.awlam.MainActivity:
    void <init>() -> <init>
    java.lang.String getMainComponentName() -> a
com.awlam.MainApplication -> com.awlam.MainApplication:
    com.facebook.react.ReactNativeHost mReactNativeHost -> a
    void <init>() -> <init>
    com.facebook.react.ReactNativeHost getReactNativeHost() -> a
    void onCreate() -> onCreate
com.awlam.MainApplication$1 -> com.awlam.MainApplication$1:
    com.awlam.MainApplication this$0 -> a
    void <init>(com.awlam.MainApplication,android.app.Application) -> <init>
    boolean getUseDeveloperSupport() -> a
    java.util.List getPackages() -> b
    java.lang.String getJSMainModuleName() -> c
...
com.facebook.imagepipeline.animated.impl.AnimatedFrameCache$1 -> com.facebook.imagepipeline.a.c.c$1:
    com.facebook.imagepipeline.animated.impl.AnimatedFrameCache this$0 -> a
    void <init>(com.facebook.imagepipeline.animated.impl.AnimatedFrameCache) -> <init>
    void onExclusivityChanged(com.facebook.cache.common.CacheKey,boolean) -> a
    void onExclusivityChanged(java.lang.Object,boolean) -> a
com.facebook.imagepipeline.animated.impl.AnimatedFrameCache$FrameKey -> com.facebook.imagepipeline.a.c.c$a:
    com.facebook.cache.common.CacheKey mImageCacheKey -> a
    int mFrameIndex -> b
    void <init>(com.facebook.cache.common.CacheKey,int) -> <init>
    java.lang.String toString() -> toString
    boolean equals(java.lang.Object) -> equals
    int hashCode() -> hashCode
    boolean containsUri(android.net.Uri) -> a
    java.lang.String getUriString() -> a
com.facebook.imagepipeline.animated.impl.AnimatedImageCompositor -> com.facebook.imagepipeline.a.c.d:
    com.facebook.imagepipeline.animated.base.AnimatedDrawableBackend mAnimatedDrawableBackend -> a
    com.facebook.imagepipeline.animated.impl.AnimatedImageCompositor$Callback mCallback -> b
    android.graphics.Paint mTransparentFillPaint -> c
    void <init>(com.facebook.imagepipeline.animated.base.AnimatedDrawableBackend,com.facebook.imagepipeline.animated.impl.AnimatedImageCompositor$Callback) -> <init>
    void renderFrame(int,android.graphics.Bitmap) -> a
    int prepareCanvasWithClosestCachedFrame(int,android.graphics.Canvas) -> a
    void disposeToBackground(android.graphics.Canvas,com.facebook.imagepipeline.animated.base.AnimatedDrawableFrameInfo) -> a
    com.facebook.imagepipeline.animated.impl.AnimatedImageCompositor$FrameNeededResult isFrameNeededForRendering(int) -> a
    boolean isKeyFrame(int) -> b
    boolean isFullFrame(com.facebook.imagepipeline.animated.base.AnimatedDrawableFrameInfo) -> a
com.facebook.imagepipeline.animated.impl.AnimatedImageCompositor$1 -> com.facebook.imagepipeline.a.c.d$1:
    int[] $SwitchMap$com$facebook$imagepipeline$animated$impl$AnimatedImageCompositor$FrameNeededResult -> a
    void <clinit>() -> <clinit>
com.facebook.imagepipeline.animated.impl.AnimatedImageCompositor$Callback -> com.facebook.imagepipeline.a.c.d$a:
    void onIntermediateResult(int,android.graphics.Bitmap) -> a
    com.facebook.common.references.CloseableReference getCachedBitmap(int) -> a
com.facebook.imagepipeline.animated.impl.AnimatedImageCompositor$FrameNeededResult -> com.facebook.imagepipeline.a.c.d$b:
    com.facebook.imagepipeline.animated.impl.AnimatedImageCompositor$FrameNeededResult REQUIRED -> a
    com.facebook.imagepipeline.animated.impl.AnimatedImageCompositor$FrameNeededResult NOT_REQUIRED -> b
    com.facebook.imagepipeline.animated.impl.AnimatedImageCompositor$FrameNeededResult SKIP -> c
    com.facebook.imagepipeline.animated.impl.AnimatedImageCompositor$FrameNeededResult ABORT -> d
    com.facebook.imagepipeline.animated.impl.AnimatedImageCompositor$FrameNeededResult[] $VALUES -> e
    com.facebook.imagepipeline.animated.impl.AnimatedImageCompositor$FrameNeededResult[] values() -> values
    com.facebook.imagepipeline.animated.impl.AnimatedImageCompositor$FrameNeededResult valueOf(java.lang.String) -> valueOf
    void <init>(java.lang.String,int) -> <init>
    void <clinit>() -> <clinit>
com.facebook.imagepipeline.animated.util.AnimatedDrawableUtil -> com.facebook.imagepipeline.a.d.a:
    void <init>() -> <init>
    void fixFrameDurations(int[]) -> a
    int getTotalDurationFromFrameDurations(int[]) -> b
    int[] getFrameTimeStampsFromDurations(int[]) -> c
com.facebook.imagepipeline.backends.okhttp3.OkHttpImagePipelineConfigFactory -> com.facebook.imagepipeline.b.a.a:
    com.facebook.imagepipeline.core.ImagePipelineConfig$Builder newBuilder(android.content.Context,okhttp3.OkHttpClient) -> a